<?xml version="1.0" encoding="UTF-8"?>
<!-- Generated by org.testng.reporters.JUnitReportReporter -->
<testsuite skipped="0" hostname="sreeja" name="com.AutomationTalks.demoProject1.TestClass1" tests="3" failures="0" timestamp="16 Nov 2019 21:37:29 GMT" time="41.259" errors="0">
  <testcase name="Test1" time="10.184" classname="com.AutomationTalks.demoProject1.TestClass1"/>
  <testcase name="Test2" time="18.745" classname="com.AutomationTalks.demoProject1.TestClass1"/>
  <testcase name="Test3" time="12.330" classname="com.AutomationTalks.demoProject1.TestClass1"/>
</testsuite> <!-- com.AutomationTalks.demoProject1.TestClass1 -->
